
<dict>
	cocos2d.x.version: 2.2.1
	cocos2d.x.compiled_with_profiler: false
	cocos2d.x.compiled_with_gl_state_cache: true
	gl.vendor: Intel
	gl.renderer: Intel(R) HD Graphics
	gl.version: 2.1.0 - Build 8.15.10.2622
	gl.max_texture_size: 8192
	gl.max_texture_units: 16
	gl.supports_PVRTC: false
	gl.supports_NPOT: true
	gl.supports_BGRA8888: false
	gl.supports_discard_framebuffer: false
	gl.supports_vertex_array_object: true
</dict>
lua_loadChunksFromZIP() - load zip file: V:\dev\quick-cocos2d-x-2.2.1-rc\lib\framework_precompiled\framework_precompiled.zip
lua_loadChunksFromZIP() - loaded chunks count: 54
------------------------------------------------
LOAD LUA FILE: V:/dev/quick-cocos2d-x-2.2.1-rc/bin/jumpbird/scripts/main.lua
------------------------------------------------
[0.3983] [INFO] 
[0.3989] [INFO] # DEBUG                        = 2
[0.3995] [INFO] #
[0.4007] [INFO] # device.platform              = windows
[0.4015] [INFO] # device.model                 = unknown
[0.4025] [INFO] # device.language              = cn
[0.4033] [INFO] # device.writablePath          = V:\dev\quick-cocos2d-x-2.2.1-rc\bin\jumpbird\
[0.4047] [INFO] # device.cachePath             = V:\dev\quick-cocos2d-x-2.2.1-rc\bin\jumpbird\
[0.4063] [INFO] # device.directorySeparator    = \
[0.4072] [INFO] # device.pathSeparator         = ;
[0.4082] [INFO] #
[0.4119] [INFO] # CONFIG_SCREEN_AUTOSCALE      = FIXED_WIDTH
[0.4126] [INFO] # CONFIG_SCREEN_WIDTH          = 960.00
[0.4137] [INFO] # CONFIG_SCREEN_HEIGHT         = 640.00
[0.4147] [INFO] # display.widthInPixels        = 960.00
[0.4159] [INFO] # display.heightInPixels       = 640.00
[0.4167] [INFO] # display.contentScaleFactor   = 1.00
[0.4178] [INFO] # display.width                = 960.00
[0.4188] [INFO] # display.height               = 640.00
[0.4199] [INFO] # display.cx                   = 480.00
[0.4209] [INFO] # display.cy                   = 320.00
[0.4219] [INFO] # display.left                 = 0.00
[0.4232] [INFO] # display.right                = 960.00
[0.4242] [INFO] # display.top                  = 640.00
[0.4255] [INFO] # display.bottom               = 0.00
[0.4264] [INFO] # display.c_left               = -480.00
[0.4273] [INFO] # display.c_right              = 480.00
[0.4283] [INFO] # display.c_top                = 320.00
[0.4294] [INFO] # display.c_bottom             = -320.00
[0.4303] [INFO] #
[0.4569] [INFO] Scene "MainScene:onEnter()"
[3.2562] [INFO] Scene "MainScene:onExit()"
[3.2577] [INFO] ----------------------------------------
[3.2612] [INFO] LUA VM MEMORY USED: 1184.00 KB
cocos2d: "cc_fps_images" rc=4 id=2 256 x 32 @ 16 bpp => 16 KB
cocos2d: "cc_2x2_white_image" rc=1 id=3 2 x 2 @ 32 bpp => 0 KB
cocos2d: CCTextureCache dumpDebugInfo: 2 textures, for 16 KB (0.02 MB)
[3.2702] [INFO] ----------------------------------------
